Arguments: 
  /Users/finn/.nvm/versions/node/v15.6.0/bin/node /Users/finn/.nvm/versions/node/v15.6.0/bin/yarn generate:exports

PATH: 
  /Users/finn/.nvm/versions/node/v15.6.0/bin:/usr/local/bin:/usr/bin:/bin:/usr/sbin:/sbin:/Library/Apple/usr/bin:/Users/finn/Library/Android/sdk/platform-tools:/Users/finn/.nvm/versions/node/v15.6.0/bin:/Users/finn/.cargo/bin

Yarn version: 
  1.22.10

Node version: 
  15.6.0

Platform: 
  darwin x64

Trace: 
  SyntaxError: /Users/finn/Projects/expo-starter/package.json: Unexpected token } in JSON at position 1390
      at JSON.parse (<anonymous>)
      at /Users/finn/.nvm/versions/node/v15.6.0/lib/node_modules/yarn/lib/cli.js:1625:59
      at Generator.next (<anonymous>)
      at step (/Users/finn/.nvm/versions/node/v15.6.0/lib/node_modules/yarn/lib/cli.js:310:30)
      at /Users/finn/.nvm/versions/node/v15.6.0/lib/node_modules/yarn/lib/cli.js:321:13

npm manifest: 
  {
    "name": "backend",
    "version": "0.1.0",
    "bin": {
      "backend": "bin/backend.js"
    },
    "scripts": {
      "build": "tsc",
      "watch": "tsc -w",
      "test": "jest",
      "cdk": "cdk"
    },
    "devDependencies": {
      "@aws-cdk/assert": "~1.120.0",
      "@types/jest": "^26.0.10",
      "@types/node": "10.17.27",
      "aws-cdk": "~1.120.0",
      "jest": "^26.4.2",
      "ts-jest": "^26.2.0",
      "ts-node": "^9.0.0",
      "typescript": "~3.9.7"
    },
    "dependencies": {
      "@aws-cdk/aws-appsync": "~1.120.0",
      "@aws-cdk/aws-cognito": "~1.120.0",
      "@aws-cdk/aws-dynamodb": "~1.120.0",
      "@aws-cdk/aws-iam": "~1.120.0",
      "@aws-cdk/aws-lambda-nodejs": "1.120.0",
      "@aws-cdk/aws-location": "~1.120.0",
      "@aws-cdk/aws-pinpoint": "~1.120.0",
      "@aws-cdk/core": "~1.120.0",
      "cdk-appsync-transformer": "^1.77.16",
      "dotenv": "^10.0.0",
      "source-map-support": "^0.5.16"
    }
  }

yarn manifest: 
  No manifest

Lockfile: 
  No lockfile
